Unknown:
C:\Users\robyr\Documents\GitHub\PWS_project\progetto_rfid_wine\Result\farfield (f=868.6)_1.fme
C:\Users\robyr\Documents\GitHub\PWS_project\progetto_rfid_wine\Result\farfield (f=915)_1.fme
C:\Users\robyr\Documents\GitHub\PWS_project\progetto_rfid_wine\Result\farfield (f=953)_1.fme
C:\Users\robyr\Documents\GitHub\PWS_project\progetto_rfid_wine\Result\farfield (f=954.2)_1.fme
C:\Users\robyr\Documents\GitHub\PWS_project\progetto_rfid_wine\Result\Hex.gap
C:\Users\robyr\Documents\GitHub\PWS_project\progetto_rfid_wine\Result\MCalc-Facets-1xN.log
C:\Users\robyr\Documents\GitHub\PWS_project\progetto_rfid_wine\Result\MCalc-Facets-PP.log
C:\Users\robyr\Documents\GitHub\PWS_project\progetto_rfid_wine\Result\MCalc.ddi
C:\Users\robyr\Documents\GitHub\PWS_project\progetto_rfid_wine\Result\MCalc.log
C:\Users\robyr\Documents\GitHub\PWS_project\progetto_rfid_wine\Result\ml_info.log
C:\Users\robyr\Documents\GitHub\PWS_project\progetto_rfid_wine\Result\Model.axg
C:\Users\robyr\Documents\GitHub\PWS_project\progetto_rfid_wine\Result\Model.coco
C:\Users\robyr\Documents\GitHub\PWS_project\progetto_rfid_wine\Result\Model.ddi
C:\Users\robyr\Documents\GitHub\PWS_project\progetto_rfid_wine\Result\Model.log
C:\Users\robyr\Documents\GitHub\PWS_project\progetto_rfid_wine\Result\Model.sam
C:\Users\robyr\Documents\GitHub\PWS_project\progetto_rfid_wine\Result\Model.swp
C:\Users\robyr\Documents\GitHub\PWS_project\progetto_rfid_wine\Result\Model_m1.sam
C:\Users\robyr\Documents\GitHub\PWS_project\progetto_rfid_wine\Result\m^fifx.dsc
C:\Users\robyr\Documents\GitHub\PWS_project\progetto_rfid_wine\Result\m^fqq.dsc
C:\Users\robyr\Documents\GitHub\PWS_project\progetto_rfid_wine\Result\Ports.web
C:\Users\robyr\Documents\GitHub\PWS_project\progetto_rfid_wine\Result\Postprocessing.log
C:\Users\robyr\Documents\GitHub\PWS_project\progetto_rfid_wine\Result\p^a.dsc
C:\Users\robyr\Documents\GitHub\PWS_project\progetto_rfid_wine\Result\P^m^fbqq.slog
C:\Users\robyr\Documents\GitHub\PWS_project\progetto_rfid_wine\Result\P^m^fqq.slog
C:\Users\robyr\Documents\GitHub\PWS_project\progetto_rfid_wine\Result\P^p^m.slog
C:\Users\robyr\Documents\GitHub\PWS_project\progetto_rfid_wine\Result\P^s^pm.slog
C:\Users\robyr\Documents\GitHub\PWS_project\progetto_rfid_wine\Result\WEP.log
Mesh:
C:\Users\robyr\Documents\GitHub\PWS_project\progetto_rfid_wine\Result\dA.mat
C:\Users\robyr\Documents\GitHub\PWS_project\progetto_rfid_wine\Result\dad.mat
C:\Users\robyr\Documents\GitHub\PWS_project\progetto_rfid_wine\Result\ds.mat
C:\Users\robyr\Documents\GitHub\PWS_project\progetto_rfid_wine\Result\dsd.mat
C:\Users\robyr\Documents\GitHub\PWS_project\progetto_rfid_wine\Result\dsMCalc.mat
C:\Users\robyr\Documents\GitHub\PWS_project\progetto_rfid_wine\Result\Eps.mat
C:\Users\robyr\Documents\GitHub\PWS_project\progetto_rfid_wine\Result\HexMatrix.m2h
C:\Users\robyr\Documents\GitHub\PWS_project\progetto_rfid_wine\Result\HexMatrix_MCalc.m2h
C:\Users\robyr\Documents\GitHub\PWS_project\progetto_rfid_wine\Result\Kappa.mat
C:\Users\robyr\Documents\GitHub\PWS_project\progetto_rfid_wine\Result\MCalc.fmp
C:\Users\robyr\Documents\GitHub\PWS_project\progetto_rfid_wine\Result\MCalc.xcfd
C:\Users\robyr\Documents\GitHub\PWS_project\progetto_rfid_wine\Result\Meta.m2h
C:\Users\robyr\Documents\GitHub\PWS_project\progetto_rfid_wine\Result\Meta.mat
C:\Users\robyr\Documents\GitHub\PWS_project\progetto_rfid_wine\Result\Model.cct
C:\Users\robyr\Documents\GitHub\PWS_project\progetto_rfid_wine\Result\Model.fmf
C:\Users\robyr\Documents\GitHub\PWS_project\progetto_rfid_wine\Result\Model.fmm
C:\Users\robyr\Documents\GitHub\PWS_project\progetto_rfid_wine\Result\Model.fpc
C:\Users\robyr\Documents\GitHub\PWS_project\progetto_rfid_wine\Result\Model.fsi
C:\Users\robyr\Documents\GitHub\PWS_project\progetto_rfid_wine\Result\Model.fwf
C:\Users\robyr\Documents\GitHub\PWS_project\progetto_rfid_wine\Result\Model.mss
C:\Users\robyr\Documents\GitHub\PWS_project\progetto_rfid_wine\Result\Model.sic
C:\Users\robyr\Documents\GitHub\PWS_project\progetto_rfid_wine\Result\Model.spi
C:\Users\robyr\Documents\GitHub\PWS_project\progetto_rfid_wine\Result\Model.xcfd
C:\Users\robyr\Documents\GitHub\PWS_project\progetto_rfid_wine\Result\Model^PEC.fpf
C:\Users\robyr\Documents\GitHub\PWS_project\progetto_rfid_wine\Result\Mue.mat
C:\Users\robyr\Documents\GitHub\PWS_project\progetto_rfid_wine\Result\m^fqq.mem
C:\Users\robyr\Documents\GitHub\PWS_project\progetto_rfid_wine\Result\PEC.mat
C:\Users\robyr\Documents\GitHub\PWS_project\progetto_rfid_wine\Result\Ports.fpt
C:\Users\robyr\Documents\GitHub\PWS_project\progetto_rfid_wine\Result\PP.fsi
C:\Users\robyr\Documents\GitHub\PWS_project\progetto_rfid_wine\Result\p^a.mem
C:\Users\robyr\Documents\GitHub\PWS_project\progetto_rfid_wine\Result\p^m.mem
C:\Users\robyr\Documents\GitHub\PWS_project\progetto_rfid_wine\Result\Rho.mat
C:\Users\robyr\Documents\GitHub\PWS_project\progetto_rfid_wine\Result\S2HMatrix.m2h
C:\Users\robyr\Documents\GitHub\PWS_project\progetto_rfid_wine\Result\Shapes.con
C:\Users\robyr\Documents\GitHub\PWS_project\progetto_rfid_wine\Result\s^pm.mem
Port:
C:\Users\robyr\Documents\GitHub\PWS_project\progetto_rfid_wine\Result\Model.pmi
