======================================================
 - pinning rule in use   : PINNING_RULE_MCALC_SKIP_ALL
 - desired group         : 0, sockets = 0
 - num cores available   : 12
 - num accessible procs  : 12
 - num logical procs     : 12
 - affinity (main thread): 111111 111111 
 - sockets               : 0
 - potential cores       : 0,2,4,6,8,10
 - affinity              : 111111
 - active cores          : 0,2,4,6,8,10
 - hyperthreading        : on
 - allowed socket ids    : 0
 - allowed core ids      : 0,2,4,6,8,10
 - used mask (string)    : 101010 101010 
======================================================

========================================================================
Processing CAD model (for field results)
	[Improved internal geometry representation]
	[Accuracy improvement for long shapes in inhomogeneous mesh regions]
Version 2019.0 (build 20180920)
PBA version 2018092019
2020 Jul 22 (Wed): 19:04:55
========================================================================

===========================================
Finished CAD processing (for field results)
===========================================

========================================================================
Processing CAD model
	[Improved internal geometry representation]
	[Accuracy improvement for long shapes in inhomogeneous mesh regions]
Version 2019.0 (build 20180920)
PBA version 2018092019
2020 Jul 22 (Wed): 19:04:55
========================================================================

---------------------------------------------
Used point accuracy enhancement value: 0.00%.
---------------------------------------------

=============================================================================
Mesh statistics:
-----------------------------------------------------------------------------
Minimum edge length (x): 1.55e+03 @ mesh line 22 (x)
Maximum edge length (x): 1.57e+04 @ mesh line 50 (x)
Minimum face area (x): 6.15e+05 @ mesh lines 46 | 39 (y | z)
Maximum face area (x): 2.48e+08 @ mesh lines 91 | 1 (y | z)
Minimum edge length (y): 500 @ mesh line 46 (y)
Maximum edge length (y): 1.57e+04 @ mesh line 91 (y)
Minimum face area (y): 1.91e+06 @ mesh lines 39 | 22 (z | x)
Maximum face area (y): 2.47e+08 @ mesh lines 1 | 50 (z | x)
Minimum edge length (z): 1.23e+03 @ mesh line 39 (z)
Maximum edge length (z): 1.57e+04 @ mesh line 1 (z)
Minimum face area (z): 7.75e+05 @ mesh lines 22 | 46 (x | y)
Maximum face area (z): 2.48e+08 @ mesh lines 50 | 91 (x | y)
Maximum mesh face aspect ratio (x): 31.5 : 1.0  @ mesh lines 46 | 1 (y | z)
Maximum mesh face aspect ratio (y): 12.8 : 1.0  @ mesh lines 39 | 50 (z | x)
Maximum mesh face aspect ratio (z): 31.5 : 1.0  @ mesh lines 50 | 46 (x | y)
=============================================================================

============================================================================
Available resources to store TST cells: 2147219601 (813199.06% of mesh size)
============================================================================

==================================================================================================
== CST Matrix Calculation Priority Log                                                          ==
==================================================================================================
 
Priorities are sorted in ascending order beginning with the lowest priority
 
Priority:   1, shape   3: TAG_RFID:DIELETTRICO, material: adesive_paper, float:   0.00e+00, wire: false, sheet: false, human: false, PEC: false, SI: false, face port:   0, feature ID:      -1
Priority:   1, shape   2: BOTTIGLIA:WINE, material: WINE, float:   0.00e+00, wire: false, sheet: false, human: false, PEC: false, SI: false, face port:   0, feature ID:      -1
Priority:   1, shape   1: BOTTIGLIA:VETRO, material: material1, float:   0.00e+00, wire: false, sheet: false, human: false, PEC: false, SI: false, face port:   0, feature ID:      -1
Priority:   2, shape   5: TAG_RFID:DIPOLO B, material: Aluminum, float:   0.00e+00, wire: false, sheet: false, human: false, PEC:  true, SI:  true, face port:   0, feature ID:      -1
Priority:   2, shape   4: TAG_RFID:DIPOLO A, material: Aluminum, float:   0.00e+00, wire: false, sheet: false, human: false, PEC:  true, SI:  true, face port:   0, feature ID:      -1
 
==================================================================================================
 
====================================================
PBA version: default
Geo accuracy: 0.000000
PEC background is represented by CAD geometry: false
Watertightness check: true
Self intersection check: false
Inheritance (all): false
Normal dominance (all): false
Normal dominance (ports): false
Flanges hollow: true
One shape per flange: false
====================================================
=======================
Finished CAD processing
=======================

------------------------------------------------------------
Parallelization Info
------------------------------------------------------------
Number of concurrent threads: 4
Number of node domains: 4
Number of mesh fill domains: 12
Memory downscale: 1
CPU load: 66.67%
Emptiness: 0.00%
Hex mesh complexity: 0.25
Geometric complexity: 0.00
------------------------------------------------------------
Node order
3, 1, 2, 0
------------------------------------------------------------

------------------------------------
Mesh: # of points excl. TSTs: 264046
      # of points incl. TSTs: 265882
------------------------------------

1xN000:  <<<<<<<<<<<<<<<<<<<<<<<<
         2020 Jul22 (Wed): 19         <<<<<<<<<<<<<<<<<<<<<<<<

1xN000:  ======================================================
          - pinning rule in use   : PINNING_RULE_MCALC_SKIP_ALL
          - desired group         : 0, sockets = 0
          - num cores available   : 12
          - num accessible procs  : 12
          - num logical procs     : 12
          - affinity (main thread): 111111 111111
          - sockets               : 0
          - potential cores       : 0,2,4,6,8,10
          - affinity              : 111111
          - active cores          : 0,2,4,6,8,10
          - hyperthreading        : on
          - allowed socket ids    : 0
          - allowed core ids      : 0,2,4,6,8,10
          - used mask (string)    : 101010 101010

         ======================================================

1xN000:  =======================================
         Matrix computation (PBA)
         	[Gaps between metals are preserved]
         	[PBA version: default]
         Version 2019.0 (build 20180920)
         PBA version 2018092019
         2020 Jul 22 (Wed): 19:04:56
         =======================================

1xN000:  ---------------------------------------------
         Used point accuracy enhancement value: 0.00%.
         ---------------------------------------------

1xN000:  Shapes are ordered to support shape wise matrix storage
1xN000:  ==================================================================================================
         == CST Matrix Calculation Priority Log                                                          ==
         ==================================================================================================

         Priorities are sorted in ascending order beginning with the lowest priority

         Priority:   3, shape   1: BOTTIGLIA:VETRO, material: material1
         Priority:   3, shape   2: BOTTIGLIA:WINE, material: WINE
         Priority:   3, shape   3: TAG_RFID:DIELETTRICO, material: adesive_paper
         Priority:   4, shape   4: TAG_RFID:DIPOLO A, material: Aluminum
         Priority:   4, shape   5: TAG_RFID:DIPOLO B, material: Aluminum

         ==================================================================================================

1xN000:  Gap-Detection activated for FARM-topology. Gaps are resolved, even partially.: gap tolerance value is 0.001 and mesh geometry scale is 1e-06
1xN000:  ccccccccccccccccccccccccccccccccccccccccccccccccccccccccccccccccccccc
         FARM/Meshfill cache is set to 8 (local FI domains: 8, dynamic: false)
         ccccccccccccccccccccccccccccccccccccccccccccccccccccccccccccccccccccc

1xN000:  ssssssssssssssssssssssssssssssssssssssssss
         # of curls with SI accuracy enhancement: 0
         ssssssssssssssssssssssssssssssssssssssssss

1xN000:  ------------------------------------------------------------------------------
         PBA fill limit is applied in inverse mode.
         PBA fill limit is applied on faces filled with at least 97.51% metal material.
         --------------------------------------------------------------
         detailed accuracy settings:
         --------------------------------------------------------------
         augmented fill limit:       true
         augmented fill limit value: 97.51
         automatic fill limit:       true
         early fill limit:           true
         inverse fill limit:         true
         model complexity:           0.00
         legacy 2015:                false
         fixed point accuracy:       false
         minimum point accuracy:     0
         mesh step inheritance:      false
         accuracy mode:
         ------------------------------------------------------------------------------

1xN000:  =================================
         Finished matrix computation (PBA)
         =================================

1xN000:  >>>>>>>>>>>>>>>>>>>>>>>>
         2020 Jul22 (Wed): 19         >>>>>>>>>>>>>>>>>>>>>>>>



1xN001:  <<<<<<<<<<<<<<<<<<<<<<<<
         2020 Jul22 (Wed): 19         <<<<<<<<<<<<<<<<<<<<<<<<

1xN001:  ======================================================
          - pinning rule in use   : PINNING_RULE_MCALC_SKIP_ALL
          - desired group         : 0, sockets = 0
          - num cores available   : 12
          - num accessible procs  : 12
          - num logical procs     : 12
          - affinity (main thread): 111111 111111
          - sockets               : 0
          - potential cores       : 0,2,4,6,8,10
          - affinity              : 111111
          - active cores          : 0,2,4,6,8,10
          - hyperthreading        : on
          - allowed socket ids    : 0
          - allowed core ids      : 0,2,4,6,8,10
          - used mask (string)    : 101010 101010

         ======================================================

1xN001:  =======================================
         Matrix computation (PBA)
         	[Gaps between metals are preserved]
         	[PBA version: default]
         Version 2019.0 (build 20180920)
         PBA version 2018092019
         2020 Jul 22 (Wed): 19:04:56
         =======================================

1xN001:  ---------------------------------------------
         Used point accuracy enhancement value: 0.00%.
         ---------------------------------------------

1xN001:  Shapes are ordered to support shape wise matrix storage
1xN001:  ==================================================================================================
         == CST Matrix Calculation Priority Log                                                          ==
         ==================================================================================================

         Priorities are sorted in ascending order beginning with the lowest priority

         Priority:   3, shape   1: BOTTIGLIA:VETRO, material: material1
         Priority:   3, shape   2: BOTTIGLIA:WINE, material: WINE
         Priority:   3, shape   3: TAG_RFID:DIELETTRICO, material: adesive_paper
         Priority:   4, shape   4: TAG_RFID:DIPOLO A, material: Aluminum
         Priority:   4, shape   5: TAG_RFID:DIPOLO B, material: Aluminum

         ==================================================================================================

1xN001:  Gap-Detection activated for FARM-topology. Gaps are resolved, even partially.: gap tolerance value is 0.001 and mesh geometry scale is 1e-06
1xN001:  ccccccccccccccccccccccccccccccccccccccccccccccccccccccccccccccccccccc
         FARM/Meshfill cache is set to 8 (local FI domains: 8, dynamic: false)
         ccccccccccccccccccccccccccccccccccccccccccccccccccccccccccccccccccccc

1xN001:  ssssssssssssssssssssssssssssssssssssssssss
         # of curls with SI accuracy enhancement: 0
         ssssssssssssssssssssssssssssssssssssssssss

1xN001:  ------------------------------------------------------------------------------
         PBA fill limit is applied in inverse mode.
         PBA fill limit is applied on faces filled with at least 97.51% metal material.
         --------------------------------------------------------------
         detailed accuracy settings:
         --------------------------------------------------------------
         augmented fill limit:       true
         augmented fill limit value: 97.51
         automatic fill limit:       true
         early fill limit:           true
         inverse fill limit:         true
         model complexity:           0.00
         legacy 2015:                false
         fixed point accuracy:       false
         minimum point accuracy:     0
         mesh step inheritance:      false
         accuracy mode:
         ------------------------------------------------------------------------------

1xN001:  =================================
         Finished matrix computation (PBA)
         =================================

1xN001:  >>>>>>>>>>>>>>>>>>>>>>>>
         2020 Jul22 (Wed): 19         >>>>>>>>>>>>>>>>>>>>>>>>



1xN002:  <<<<<<<<<<<<<<<<<<<<<<<<
         2020 Jul22 (Wed): 19         <<<<<<<<<<<<<<<<<<<<<<<<

1xN002:  ======================================================
          - pinning rule in use   : PINNING_RULE_MCALC_SKIP_ALL
          - desired group         : 0, sockets = 0
          - num cores available   : 12
          - num accessible procs  : 12
          - num logical procs     : 12
          - affinity (main thread): 111111 111111
          - sockets               : 0
          - potential cores       : 0,2,4,6,8,10
          - affinity              : 111111
          - active cores          : 0,2,4,6,8,10
          - hyperthreading        : on
          - allowed socket ids    : 0
          - allowed core ids      : 0,2,4,6,8,10
          - used mask (string)    : 101010 101010

         ======================================================

1xN002:  =======================================
         Matrix computation (PBA)
         	[Gaps between metals are preserved]
         	[PBA version: default]
         Version 2019.0 (build 20180920)
         PBA version 2018092019
         2020 Jul 22 (Wed): 19:04:56
         =======================================

1xN002:  ---------------------------------------------
         Used point accuracy enhancement value: 0.00%.
         ---------------------------------------------

1xN002:  Shapes are ordered to support shape wise matrix storage
1xN002:  ==================================================================================================
         == CST Matrix Calculation Priority Log                                                          ==
         ==================================================================================================

         Priorities are sorted in ascending order beginning with the lowest priority

         Priority:   3, shape   1: BOTTIGLIA:VETRO, material: material1
         Priority:   3, shape   2: BOTTIGLIA:WINE, material: WINE
         Priority:   3, shape   3: TAG_RFID:DIELETTRICO, material: adesive_paper
         Priority:   4, shape   4: TAG_RFID:DIPOLO A, material: Aluminum
         Priority:   4, shape   5: TAG_RFID:DIPOLO B, material: Aluminum

         ==================================================================================================

1xN002:  Gap-Detection activated for FARM-topology. Gaps are resolved, even partially.: gap tolerance value is 0.001 and mesh geometry scale is 1e-06
1xN002:  ccccccccccccccccccccccccccccccccccccccccccccccccccccccccccccccccccccc
         FARM/Meshfill cache is set to 8 (local FI domains: 8, dynamic: false)
         ccccccccccccccccccccccccccccccccccccccccccccccccccccccccccccccccccccc

1xN002:  ssssssssssssssssssssssssssssssssssssssssss
         # of curls with SI accuracy enhancement: 0
         ssssssssssssssssssssssssssssssssssssssssss

1xN002:  ------------------------------------------------------------------------------
         PBA fill limit is applied in inverse mode.
         PBA fill limit is applied on faces filled with at least 97.51% metal material.
         --------------------------------------------------------------
         detailed accuracy settings:
         --------------------------------------------------------------
         augmented fill limit:       true
         augmented fill limit value: 97.51
         automatic fill limit:       true
         early fill limit:           true
         inverse fill limit:         true
         model complexity:           0.00
         legacy 2015:                false
         fixed point accuracy:       false
         minimum point accuracy:     0
         mesh step inheritance:      false
         accuracy mode:
         ------------------------------------------------------------------------------

1xN002:  =================================
         Finished matrix computation (PBA)
         =================================

1xN002:  >>>>>>>>>>>>>>>>>>>>>>>>
         2020 Jul22 (Wed): 19         >>>>>>>>>>>>>>>>>>>>>>>>



1xN003:  <<<<<<<<<<<<<<<<<<<<<<<<
         2020 Jul22 (Wed): 19         <<<<<<<<<<<<<<<<<<<<<<<<

1xN003:  ======================================================
          - pinning rule in use   : PINNING_RULE_MCALC_SKIP_ALL
          - desired group         : 0, sockets = 0
          - num cores available   : 12
          - num accessible procs  : 12
          - num logical procs     : 12
          - affinity (main thread): 111111 111111
          - sockets               : 0
          - potential cores       : 0,2,4,6,8,10
          - affinity              : 111111
          - active cores          : 0,2,4,6,8,10
          - hyperthreading        : on
          - allowed socket ids    : 0
          - allowed core ids      : 0,2,4,6,8,10
          - used mask (string)    : 101010 101010

         ======================================================

1xN003:  =======================================
         Matrix computation (PBA)
         	[Gaps between metals are preserved]
         	[PBA version: default]
         Version 2019.0 (build 20180920)
         PBA version 2018092019
         2020 Jul 22 (Wed): 19:04:56
         =======================================

1xN003:  ---------------------------------------------
         Used point accuracy enhancement value: 0.00%.
         ---------------------------------------------

1xN003:  Shapes are ordered to support shape wise matrix storage
1xN003:  ==================================================================================================
         == CST Matrix Calculation Priority Log                                                          ==
         ==================================================================================================

         Priorities are sorted in ascending order beginning with the lowest priority

         Priority:   3, shape   1: BOTTIGLIA:VETRO, material: material1
         Priority:   3, shape   2: BOTTIGLIA:WINE, material: WINE
         Priority:   3, shape   3: TAG_RFID:DIELETTRICO, material: adesive_paper
         Priority:   4, shape   4: TAG_RFID:DIPOLO A, material: Aluminum
         Priority:   4, shape   5: TAG_RFID:DIPOLO B, material: Aluminum

         ==================================================================================================

1xN003:  Gap-Detection activated for FARM-topology. Gaps are resolved, even partially.: gap tolerance value is 0.001 and mesh geometry scale is 1e-06
1xN003:  ccccccccccccccccccccccccccccccccccccccccccccccccccccccccccccccccccccc
         FARM/Meshfill cache is set to 8 (local FI domains: 8, dynamic: false)
         ccccccccccccccccccccccccccccccccccccccccccccccccccccccccccccccccccccc

1xN003:  ssssssssssssssssssssssssssssssssssssssssss
         # of curls with SI accuracy enhancement: 0
         ssssssssssssssssssssssssssssssssssssssssss

1xN003:  ------------------------------------------------------------------------------
         PBA fill limit is applied in inverse mode.
         PBA fill limit is applied on faces filled with at least 97.51% metal material.
         --------------------------------------------------------------
         detailed accuracy settings:
         --------------------------------------------------------------
         augmented fill limit:       true
         augmented fill limit value: 97.51
         automatic fill limit:       true
         early fill limit:           true
         inverse fill limit:         true
         model complexity:           0.00
         legacy 2015:                false
         fixed point accuracy:       false
         minimum point accuracy:     0
         mesh step inheritance:      false
         accuracy mode:
         ------------------------------------------------------------------------------

1xN003:  discrete edge port "1" is connected to metal material.
         The connection has been enforced at both terminals.
1xN003:  ----------------------------------------------------------------
         The following discrete edge port is connected to metal material:
         	1
         ----------------------------------------------------------------

1xN003:  =================================
         Finished matrix computation (PBA)
         =================================

1xN003:  >>>>>>>>>>>>>>>>>>>>>>>>
         2020 Jul22 (Wed): 19         >>>>>>>>>>>>>>>>>>>>>>>>



--------------------------------
# of staircase filled cells: 0
# of staircase filled areas: 0
# of staircase filled edges: 0
# of faces above fill limit: 0
# of edges with FPBA topology: 0
--------------------------------

--------------------------------
# of staircase filled cells: 0
# of staircase filled areas: 0
# of staircase filled edges: 0
# of faces above fill limit: 0
# of edges with FPBA topology: 0
--------------------------------

